{"name": "test_login_wrong_username_screenshot", "status": "skipped", "statusDetails": {"message": "AssertionError: assert False is True\n +  where False = <bound method LoginPage.login_jira of <Phase5.pageobjects.login_page.LoginPage object at 0x04AB5FF0>>('Victor_Myasnikov2', 'Victor_Myasnikov')\n +    where <bound method LoginPage.login_jira of <Phase5.pageobjects.login_page.LoginPage object at 0x04AB5FF0>> = <Phase5.pageobjects.login_page.LoginPage object at 0x04AB5FF0>.login_jira\n +      where <Phase5.pageobjects.login_page.LoginPage object at 0x04AB5FF0> = <bound method TestLogin.init_login_page of <Phase5.tests.test_login_page.TestLogin object at 0x04AB5F10>>()\n +        where <bound method TestLogin.init_login_page of <Phase5.tests.test_login_page.TestLogin object at 0x04AB5F10>> = <Phase5.tests.test_login_page.TestLogin object at 0x04AB5F10>.init_login_page\n +    and   'Victor_Myasnikov2' = <built-in method get of dict object at 0x04AD6630>('wc')\n +      where <built-in method get of dict object at 0x04AD6630> = {'auth_url': 'http://jira.hillel.it:8080/secure/RapidBoard.jspa?projectKey=AQAPYTHON', 'cc': 'Victor_Myasnikov', 'issu...ects/AQAPYTHON/issues/', 'my_issues': 'http://jira.hillel.it:8080/projects/AQAPYTHON/issues/?filter=myopenissues', ...}.get\n +        where {'auth_url': 'http://jira.hillel.it:8080/secure/RapidBoard.jspa?projectKey=AQAPYTHON', 'cc': 'Victor_Myasnikov', 'issu...ects/AQAPYTHON/issues/', 'my_issues': 'http://jira.hillel.it:8080/projects/AQAPYTHON/issues/?filter=myopenissues', ...} = v_dict()\n +    and   'Victor_Myasnikov' = <built-in method get of dict object at 0x04AD6930>('cc')\n +      where <built-in method get of dict object at 0x04AD6930> = {'auth_url': 'http://jira.hillel.it:8080/secure/RapidBoard.jspa?projectKey=AQAPYTHON', 'cc': 'Victor_Myasnikov', 'issu...ects/AQAPYTHON/issues/', 'my_issues': 'http://jira.hillel.it:8080/projects/AQAPYTHON/issues/?filter=myopenissues', ...}.get\n +        where {'auth_url': 'http://jira.hillel.it:8080/secure/RapidBoard.jspa?projectKey=AQAPYTHON', 'cc': 'Victor_Myasnikov', 'issu...ects/AQAPYTHON/issues/', 'my_issues': 'http://jira.hillel.it:8080/projects/AQAPYTHON/issues/?filter=myopenissues', ...} = v_dict()", "trace": "self = <Phase5.tests.test_login_page.TestLogin object at 0x04AB5F10>\n\n    @pytest.mark.xfail\n    @allure.step(\"Failed\\Skipped test for screen-shot creation\")\n    def test_login_wrong_username_screenshot(self):\n>       assert self.init_login_page().login_jira(v_dict().get('wc'), v_dict().get('cc')) is True\nE       AssertionError: assert False is True\nE        +  where False = <bound method LoginPage.login_jira of <Phase5.pageobjects.login_page.LoginPage object at 0x04AB5FF0>>('Victor_Myasnikov2', 'Victor_Myasnikov')\nE        +    where <bound method LoginPage.login_jira of <Phase5.pageobjects.login_page.LoginPage object at 0x04AB5FF0>> = <Phase5.pageobjects.login_page.LoginPage object at 0x04AB5FF0>.login_jira\nE        +      where <Phase5.pageobjects.login_page.LoginPage object at 0x04AB5FF0> = <bound method TestLogin.init_login_page of <Phase5.tests.test_login_page.TestLogin object at 0x04AB5F10>>()\nE        +        where <bound method TestLogin.init_login_page of <Phase5.tests.test_login_page.TestLogin object at 0x04AB5F10>> = <Phase5.tests.test_login_page.TestLogin object at 0x04AB5F10>.init_login_page\nE        +    and   'Victor_Myasnikov2' = <built-in method get of dict object at 0x04AD6630>('wc')\nE        +      where <built-in method get of dict object at 0x04AD6630> = {'auth_url': 'http://jira.hillel.it:8080/secure/RapidBoard.jspa?projectKey=AQAPYTHON', 'cc': 'Victor_Myasnikov', 'issu...ects/AQAPYTHON/issues/', 'my_issues': 'http://jira.hillel.it:8080/projects/AQAPYTHON/issues/?filter=myopenissues', ...}.get\nE        +        where {'auth_url': 'http://jira.hillel.it:8080/secure/RapidBoard.jspa?projectKey=AQAPYTHON', 'cc': 'Victor_Myasnikov', 'issu...ects/AQAPYTHON/issues/', 'my_issues': 'http://jira.hillel.it:8080/projects/AQAPYTHON/issues/?filter=myopenissues', ...} = v_dict()\nE        +    and   'Victor_Myasnikov' = <built-in method get of dict object at 0x04AD6930>('cc')\nE        +      where <built-in method get of dict object at 0x04AD6930> = {'auth_url': 'http://jira.hillel.it:8080/secure/RapidBoard.jspa?projectKey=AQAPYTHON', 'cc': 'Victor_Myasnikov', 'issu...ects/AQAPYTHON/issues/', 'my_issues': 'http://jira.hillel.it:8080/projects/AQAPYTHON/issues/?filter=myopenissues', ...}.get\nE        +        where {'auth_url': 'http://jira.hillel.it:8080/secure/RapidBoard.jspa?projectKey=AQAPYTHON', 'cc': 'Victor_Myasnikov', 'issu...ects/AQAPYTHON/issues/', 'my_issues': 'http://jira.hillel.it:8080/projects/AQAPYTHON/issues/?filter=myopenissues', ...} = v_dict()\n\nPhase5\\tests\\test_login_page.py:27: AssertionError"}, "steps": [{"name": "Failed\\Skipped test for screen-shot creation", "status": "failed", "statusDetails": {"message": "AssertionError: assert False is True\n +  where False = <bound method LoginPage.login_jira of <Phase5.pageobjects.login_page.LoginPage object at 0x04AB5FF0>>('Victor_Myasnikov2', 'Victor_Myasnikov')\n +    where <bound method LoginPage.login_jira of <Phase5.pageobjects.login_page.LoginPage object at 0x04AB5FF0>> = <Phase5.pageobjects.login_page.LoginPage object at 0x04AB5FF0>.login_jira\n +      where <Phase5.pageobjects.login_page.LoginPage object at 0x04AB5FF0> = <bound method TestLogin.init_login_page of <Phase5.tests.test_login_page.TestLogin object at 0x04AB5F10>>()\n +        where <bound method TestLogin.init_login_page of <Phase5.tests.test_login_page.TestLogin object at 0x04AB5F10>> = <Phase5.tests.test_login_page.TestLogin object at 0x04AB5F10>.init_login_page\n +    and   'Victor_Myasnikov2' = <built-in method get of dict object at 0x04AD6630>('wc')\n +      where <built-in method get of dict object at 0x04AD6630> = {'auth_url': 'http://jira.hillel.it:8080/secure/RapidBoard.jspa?projectKey=AQAPYTHON', 'cc': 'Victor_Myasnikov', 'issu...ects/AQAPYTHON/issues/', 'my_issues': 'http://jira.hillel.it:8080/projects/AQAPYTHON/issues/?filter=myopenissues', ...}.get\n +        where {'auth_url': 'http://jira.hillel.it:8080/secure/RapidBoard.jspa?projectKey=AQAPYTHON', 'cc': 'Victor_Myasnikov', 'issu...ects/AQAPYTHON/issues/', 'my_issues': 'http://jira.hillel.it:8080/projects/AQAPYTHON/issues/?filter=myopenissues', ...} = v_dict()\n +    and   'Victor_Myasnikov' = <built-in method get of dict object at 0x04AD6930>('cc')\n +      where <built-in method get of dict object at 0x04AD6930> = {'auth_url': 'http://jira.hillel.it:8080/secure/RapidBoard.jspa?projectKey=AQAPYTHON', 'cc': 'Victor_Myasnikov', 'issu...ects/AQAPYTHON/issues/', 'my_issues': 'http://jira.hillel.it:8080/projects/AQAPYTHON/issues/?filter=myopenissues', ...}.get\n +        where {'auth_url': 'http://jira.hillel.it:8080/secure/RapidBoard.jspa?projectKey=AQAPYTHON', 'cc': 'Victor_Myasnikov', 'issu...ects/AQAPYTHON/issues/', 'my_issues': 'http://jira.hillel.it:8080/projects/AQAPYTHON/issues/?filter=myopenissues', ...} = v_dict()\n", "trace": "  File \"c:\\python\\python37-32\\lib\\site-packages\\allure_commons\\_allure.py\", line 141, in impl\n    return func(*a, **kw)\n  File \"C:\\PyAutomation\\Phase5\\tests\\test_login_page.py\", line 27, in test_login_wrong_username_screenshot\n    assert self.init_login_page().login_jira(v_dict().get('wc'), v_dict().get('cc')) is True\n"}, "steps": [{"name": "login_jira", "status": "passed", "steps": [{"name": "type_to_elem", "status": "passed", "parameters": [{"name": "element", "value": "'login-form-username'"}, {"name": "selector_type", "value": "'id'"}, {"name": "text", "value": "'Victor_Myasnikov2'"}, {"name": "clean", "value": "True"}, {"name": "click_enter", "value": "False"}, {"name": "type_delay", "value": "False"}], "start": 1536001312481, "stop": 1536001312725}, {"name": "type_to_elem", "status": "passed", "parameters": [{"name": "element", "value": "'login-form-password'"}, {"name": "selector_type", "value": "'id'"}, {"name": "text", "value": "'Victor_Myasnikov'"}, {"name": "clean", "value": "True"}, {"name": "click_enter", "value": "False"}, {"name": "type_delay", "value": "False"}], "start": 1536001312726, "stop": 1536001312938}, {"name": "click_elem", "status": "passed", "parameters": [{"name": "element", "value": "'login-form-submit'"}, {"name": "selector_type", "value": "'id'"}], "start": 1536001312938, "stop": 1536001313348}], "parameters": [{"name": "login", "value": "'Victor_Myasnikov2'"}, {"name": "password", "value": "'Victor_Myasnikov'"}], "start": 1536001312481, "stop": 1536001313360}], "start": 1536001312480, "stop": 1536001313367}], "attachments": [{"name": "test_login_wrong_username_screenshot", "source": "4e6b273c-4a3f-4f07-94d6-05d64409add8-attachment.png", "type": "image/png"}], "start": 1536001312480, "stop": 1536001313370, "uuid": "bcd158f1-45d0-4fd2-94e6-ac1826045ac7", "historyId": "993541d546d0581b60b6bbe16ad5df90", "fullName": "Phase5.tests.test_login_page.TestLogin#test_login_wrong_username_screenshot", "labels": [{"name": "tag", "value": "@pytest.mark.usefixtures('wd')"}, {"name": "tag", "value": "@pytest.mark.xfail"}, {"name": "tag", "value": "@pytest.mark.usefixtures('wd')"}, {"name": "tag", "value": "@pytest.mark.xfail"}, {"name": "parentSuite", "value": "Phase5.tests"}, {"name": "suite", "value": "test_login_page"}, {"name": "subSuite", "value": "TestLogin"}, {"name": "host", "value": "odp1402024"}, {"name": "thread", "value": "9720-MainThread"}, {"name": "framework", "value": "pytest"}, {"name": "language", "value": "cpython3"}, {"name": "package", "value": "Phase5.tests.test_login_page"}]}